#
# A fatal error has been detected by the Java Runtime Environment:
#
#  EXCEPTION_ACCESS_VIOLATION (0xc0000005) at pc=0x00007ffacfdc738c, pid=2280, tid=13320
#
# JRE version: OpenJDK Runtime Environment (15.0.1+9) (build 15.0.1+9-18)
# Java VM: OpenJDK 64-Bit Server VM (15.0.1+9-18, mixed mode, tiered, compressed oops, g1 gc, windows-amd64)
# Problematic frame:
# V  [jvm.dll+0x6a738c]
#
# No core dump will be written. Minidumps are not enabled by default on client versions of Windows
#
# If you would like to submit a bug report, please visit:
#   https://bugreport.java.com/bugreport/crash.jsp
#

---------------  S U M M A R Y ------------

Command Line: -XX:+ShowCodeDetailsInExceptionMessages -agentlib:jdwp=transport=dt_socket,suspend=y,address=localhost:49766 -javaagent:C:\Users\liamc\eclipse\java-2020-12\eclipse\configuration\org.eclipse.osgi\220\0\.cp\lib\javaagent-shaded.jar -Dfile.encoding=Cp1252 WeightedGraph

Host: AMD FX(tm)-8350 Eight-Core Processor           , 8 cores, 15G,  Windows 10 , 64 bit Build 19041 (10.0.19041.662)
Time: Sun Jan 17 01:02:36 2021 GMT Standard Time elapsed time: 530.148998 seconds (0d 0h 8m 50s)

---------------  T H R E A D  ---------------

Current thread (0x000001ef26503720):  JavaThread "main" [_thread_in_vm, id=13320, stack(0x000000e8fd000000,0x000000e8fd100000)]

Stack: [0x000000e8fd000000,0x000000e8fd100000],  sp=0x000000e8fd0feef0,  free space=1019k
Native frames: (J=compiled Java code, j=interpreted, Vv=VM code, C=native code)
V  [jvm.dll+0x6a738c]
V  [jvm.dll+0x6f6f19]
V  [jvm.dll+0x5dfaab]
V  [jvm.dll+0x522e89]
V  [jvm.dll+0x520a9f]
V  [jvm.dll+0x52331b]
V  [jvm.dll+0x52256d]
V  [jvm.dll+0x34d760]
V  [jvm.dll+0x34cd9f]
C  0x000001ef29f4da6e

Java frames: (J=compiled Java code, j=interpreted, Vv=VM code)
j  WeightedGraph.main([Ljava/lang/String;)V+333
v  ~StubRoutines::call_stub

siginfo: EXCEPTION_ACCESS_VIOLATION (0xc0000005), reading address 0x0000000000000004


Register to memory mapping:

RIP=0x00007ffacfdc738c jvm.dll
RAX=0x0000000000000027 is an unknown value
RBX=0x000000e8fd0fef40 is pointing into the stack for thread: 0x000001ef26503720
RCX=0x000000e8fd0fef40 is pointing into the stack for thread: 0x000001ef26503720
RDX=0x0 is NULL
RSP=0x000000e8fd0feef0 is pointing into the stack for thread: 0x000001ef26503720
RBP=0x000000e8fd0ff020 is pointing into the stack for thread: 0x000001ef26503720
RSI=0x0 is NULL
RDI=0x000000e8fd0ff020 is pointing into the stack for thread: 0x000001ef26503720
R8 =0x0000000000000001 is an unknown value
R9 =0x0 is NULL
R10=0x0000000000000001 is an unknown value
R11=0x0000000000000001 is an unknown value
R12=0x0 is NULL
R13=0x000001ef26503bf0 points into unknown readable memory: 0x0000000000000000 | 00 00 00 00 00 00 00 00
R14=0x00000008000ca850 is a pointer to class: 
WeightedGraph {0x00000008000ca858}
R15=0x000001ef242c01b0 points into unknown readable memory: 0x000001ef00000002 | 02 00 00 00 ef 01 00 00


Registers:
RAX=0x0000000000000027, RBX=0x000000e8fd0fef40, RCX=0x000000e8fd0fef40, RDX=0x0000000000000000
RSP=0x000000e8fd0feef0, RBP=0x000000e8fd0ff020, RSI=0x0000000000000000, RDI=0x000000e8fd0ff020
R8 =0x0000000000000001, R9 =0x0000000000000000, R10=0x0000000000000001, R11=0x0000000000000001
R12=0x0000000000000000, R13=0x000001ef26503bf0, R14=0x00000008000ca850, R15=0x000001ef242c01b0
RIP=0x00007ffacfdc738c, EFLAGS=0x0000000000010206

Top of Stack: (sp=0x000000e8fd0feef0)
0x000000e8fd0feef0:   00000008000ca850 00007ffacf7aeb46
0x000000e8fd0fef00:   0000000000000008 000000e8fd0ff0c0
0x000000e8fd0fef10:   0000000000000000 00007ffacfe16f19
0x000000e8fd0fef20:   0000804aed4d9fc7 000000e8fd0fef20
0x000000e8fd0fef30:   0000000000000000 0000000000000000
0x000000e8fd0fef40:   0000000000000000 0000000000000000
0x000000e8fd0fef50:   0000000000000000 000001ef46022250
0x000000e8fd0fef60:   0000000000000000 00007ffb22d9b9e7
0x000000e8fd0fef70:   000071ee2b5a5e30 00007ffacfa5ee92
0x000000e8fd0fef80:   00000008000ca850 00007ffacfcffaab
0x000000e8fd0fef90:   000000e8fd0ff020 0000000000000000
0x000000e8fd0fefa0:   000000e8fd0ff340 000001ef26503720
0x000000e8fd0fefb0:   000000e8fd0ff340 00007ffacfc42e89
0x000000e8fd0fefc0:   0000000000000000 000000e8fd0ff0c0
0x000000e8fd0fefd0:   000001ef26503720 000000000000001d
0x000000e8fd0fefe0:   0000000000000000 00007ffacfdaccfe 

Instructions: (pc=0x00007ffacfdc738c)
0x00007ffacfdc728c:   0c 89 41 08 c7 41 14 00 00 00 00 48 8b 05 8a 0f
0x00007ffacfdc729c:   42 00 48 89 41 20 48 c7 41 28 00 00 00 00 e8 01
0x00007ffacfdc72ac:   0c 00 00 48 89 5e 40 48 8b c6 48 8b 5c 24 30 48
0x00007ffacfdc72bc:   89 7e 48 48 c7 46 30 00 00 00 00 c6 46 38 01 48
0x00007ffacfdc72cc:   8b 74 24 38 48 83 c4 20 5f c3 cc cc cc cc cc cc
0x00007ffacfdc72dc:   cc cc cc cc 48 89 5c 24 08 48 89 74 24 10 57 48
0x00007ffacfdc72ec:   83 ec 20 48 8b 42 08 33 f6 48 8b da 48 8b f9 44
0x00007ffacfdc72fc:   0f b7 40 2c 48 8b 40 08 4e 8b 4c c0 48 4c 89 09
0x00007ffacfdc730c:   41 0f b7 41 04 89 41 10 c7 41 1c 01 00 00 00 c7
0x00007ffacfdc731c:   41 0c 01 00 00 00 c7 41 08 01 00 00 00 89 71 14
0x00007ffacfdc732c:   48 8b 05 f5 0e 42 00 48 89 41 20 48 89 71 28 e8
0x00007ffacfdc733c:   70 0b 00 00 48 89 77 40 48 89 77 48 48 8b 43 08
0x00007ffacfdc734c:   48 8b 5c 24 30 48 8b 74 24 38 48 8b 48 08 48 8b
0x00007ffacfdc735c:   41 18 48 85 c0 48 89 47 30 0f 94 c0 88 47 38 48
0x00007ffacfdc736c:   8b c7 48 83 c4 20 5f c3 cc cc cc cc cc cc cc cc
0x00007ffacfdc737c:   cc cc cc cc 40 53 48 83 ec 20 48 8b d9 48 89 11
0x00007ffacfdc738c:   0f b7 42 04 89 41 10 41 0f b6 c0 89 41 1c 89 41
0x00007ffacfdc739c:   0c 89 41 08 33 c9 89 4b 14 48 8b 05 7c 0e 42 00
0x00007ffacfdc73ac:   48 89 4b 28 48 8b cb 48 89 43 20 e8 f4 0a 00 00
0x00007ffacfdc73bc:   48 8b c3 48 83 c4 20 5b c3 cc cc cc cc cc cc cc
0x00007ffacfdc73cc:   cc cc cc cc 40 56 48 83 ec 20 48 8b f1 48 8b 49
0x00007ffacfdc73dc:   20 e8 6e f5 04 00 48 8b 46 28 48 85 c0 74 3a 48
0x00007ffacfdc73ec:   89 5c 24 30 33 db 39 18 7e 2a 48 89 7c 24 38 8b
0x00007ffacfdc73fc:   fb 0f 1f 00 48 8b 48 18 48 8b 0c 39 e8 43 f5 04
0x00007ffacfdc740c:   00 48 8b 46 28 48 8d 7f 08 ff c3 3b 18 7c e5 48
0x00007ffacfdc741c:   8b 7c 24 38 48 8b 5c 24 30 48 83 c4 20 5e c3 cc
0x00007ffacfdc742c:   cc cc cc cc 48 83 ec 38 4c 63 51 18 41 8d 42 f4
0x00007ffacfdc743c:   83 f8 01 76 10 48 8d 0d c8 e3 41 00 4a 8b 04 d1
0x00007ffacfdc744c:   48 83 c4 38 c3 48 89 5c 24 30 48 8b 5c 24 60 48
0x00007ffacfdc745c:   89 5c 24 20 e8 3b 00 00 00 48 83 7b 08 00 48 8b
0x00007ffacfdc746c:   5c 24 30 75 19 48 85 c0 74 14 48 8b 48 70 48 85
0x00007ffacfdc747c:   c9 74 0b 48 83 c4 38 48 ff 25 7e cb 34 00 33 c0 


Stack slot to memory mapping:
stack at sp + 0 slots: 0x00000008000ca850 is a pointer to class: 
WeightedGraph {0x00000008000ca858}
stack at sp + 1 slots: 0x00007ffacf7aeb46 jvm.dll
stack at sp + 2 slots: 0x0000000000000008 is an unknown value
stack at sp + 3 slots: 0x000000e8fd0ff0c0 is pointing into the stack for thread: 0x000001ef26503720
stack at sp + 4 slots: 0x0 is NULL
stack at sp + 5 slots: 0x00007ffacfe16f19 jvm.dll
stack at sp + 6 slots: 0x0000804aed4d9fc7 is an unknown value
stack at sp + 7 slots: 0x000000e8fd0fef20 is pointing into the stack for thread: 0x000001ef26503720


---------------  P R O C E S S  ---------------

Threads class SMR info:
_java_thread_list=0x000001ef46611f00, length=14, elements={
0x000001ef26503720, 0x000001ef45d30010, 0x000001ef45d329e0, 0x000001ef45d542a0,
0x000001ef45d54b60, 0x000001ef45d58540, 0x000001ef45d62030, 0x000001ef45d629e0,
0x000001ef45d7e9d0, 0x000001ef45f1f980, 0x000001ef4601f330, 0x000001ef46021cd0,
0x000001ef46022d60, 0x000001ef45f1f4b0
}

Java Threads: ( => current thread )
=>0x000001ef26503720 JavaThread "main" [_thread_in_vm, id=13320, stack(0x000000e8fd000000,0x000000e8fd100000)]
  0x000001ef45d30010 JavaThread "Reference Handler" daemon [_thread_blocked, id=4036, stack(0x000000e8fd700000,0x000000e8fd800000)]
  0x000001ef45d329e0 JavaThread "Finalizer" daemon [_thread_blocked, id=11400, stack(0x000000e8fd800000,0x000000e8fd900000)]
  0x000001ef45d542a0 JavaThread "Signal Dispatcher" daemon [_thread_blocked, id=6544, stack(0x000000e8fd900000,0x000000e8fda00000)]
  0x000001ef45d54b60 JavaThread "Attach Listener" daemon [_thread_blocked, id=13684, stack(0x000000e8fda00000,0x000000e8fdb00000)]
  0x000001ef45d58540 JavaThread "Service Thread" daemon [_thread_blocked, id=14196, stack(0x000000e8fdb00000,0x000000e8fdc00000)]
  0x000001ef45d62030 JavaThread "C2 CompilerThread0" daemon [_thread_blocked, id=11300, stack(0x000000e8fdc00000,0x000000e8fdd00000)]
  0x000001ef45d629e0 JavaThread "C1 CompilerThread0" daemon [_thread_blocked, id=12936, stack(0x000000e8fdd00000,0x000000e8fde00000)]
  0x000001ef45d7e9d0 JavaThread "Sweeper thread" daemon [_thread_blocked, id=6400, stack(0x000000e8fde00000,0x000000e8fdf00000)]
  0x000001ef45f1f980 JavaThread "Common-Cleaner" daemon [_thread_blocked, id=4688, stack(0x000000e8fdf00000,0x000000e8fe000000)]
  0x000001ef4601f330 JavaThread "JDWP Transport Listener: dt_socket" daemon [_thread_blocked, id=14264, stack(0x000000e8fe000000,0x000000e8fe100000)]
  0x000001ef46021cd0 JavaThread "JDWP Event Helper Thread" daemon [_thread_blocked, id=13772, stack(0x000000e8fe100000,0x000000e8fe200000)]
  0x000001ef46022d60 JavaThread "JDWP Command Reader" daemon [_thread_in_native, id=13612, stack(0x000000e8fe200000,0x000000e8fe300000)]
  0x000001ef45f1f4b0 JavaThread "Notification Thread" daemon [_thread_blocked, id=12464, stack(0x000000e8fe400000,0x000000e8fe500000)]

Other Threads:
  0x000001ef45cf91c0 VMThread "VM Thread" [stack: 0x000000e8fd600000,0x000000e8fd700000] [id=5256]
  0x000001ef26504500 WatcherThread [stack: 0x000000e8fe500000,0x000000e8fe600000] [id=4384]
  0x000001ef26552c60 GCTaskThread "GC Thread#0" [stack: 0x000000e8fd100000,0x000000e8fd200000] [id=7888]
  0x000001ef265653f0 ConcurrentGCThread "G1 Main Marker" [stack: 0x000000e8fd200000,0x000000e8fd300000] [id=13388]
  0x000001ef26565ef0 ConcurrentGCThread "G1 Conc#0" [stack: 0x000000e8fd300000,0x000000e8fd400000] [id=3040]
  0x000001ef265de3c0 ConcurrentGCThread "G1 Refine#0" [stack: 0x000000e8fd400000,0x000000e8fd500000] [id=2080]
  0x000001ef265dec10 ConcurrentGCThread "G1 Young RemSet Sampling" [stack: 0x000000e8fd500000,0x000000e8fd600000] [id=13604]

Threads with active compile tasks:

VM state: not at safepoint (normal execution)

VM Mutex/Monitor currently owned by a thread: None

Heap address: 0x0000000700800000, size: 4088 MB, Compressed Oops mode: Zero based, Oop shift amount: 3
CDS disabled.
Compressed class space mapped at: 0x0000000800000000-0x0000000840000000, size: 1073741824
Narrow klass base: 0x0000000800000000, Narrow klass shift: 0, Narrow klass range: 0x40000000

GC Precious Log:
 CPUs: 8 total, 8 available
 Memory: 16348M
 Large Page Support: Disabled
 NUMA Support: Disabled
 Compressed Oops: Enabled (Zero based)
 Heap Region Size: 2M
 Heap Min Capacity: 8M
 Heap Initial Capacity: 256M
 Heap Max Capacity: 4088M
 Pre-touch: Disabled
 Parallel Workers: 8
 Concurrent Workers: 2
 Concurrent Refinement Workers: 8
 Periodic GC: Disabled

Heap:
 garbage-first heap   total 262144K, used 4096K [0x0000000700800000, 0x0000000800000000)
  region size 2048K, 3 young (6144K), 0 survivors (0K)
 Metaspace       used 9406K, capacity 9438K, committed 9600K, reserved 1058816K
  class space    used 808K, capacity 821K, committed 896K, reserved 1048576K

Heap Regions: E=young(eden), S=young(survivor), O=old, HS=humongous(starts), HC=humongous(continues), CS=collection set, F=free, OA=open archive, CA=closed archive, TAMS=top-at-mark-start (previous, next)
|   0|0x0000000700800000, 0x0000000700800000, 0x0000000700a00000|  0%| F|  |TAMS 0x0000000700800000, 0x0000000700800000| Untracked 
|   1|0x0000000700a00000, 0x0000000700a00000, 0x0000000700c00000|  0%| F|  |TAMS 0x0000000700a00000, 0x0000000700a00000| Untracked 
|   2|0x0000000700c00000, 0x0000000700c00000, 0x0000000700e00000|  0%| F|  |TAMS 0x0000000700c00000, 0x0000000700c00000| Untracked 
|   3|0x0000000700e00000, 0x0000000700e00000, 0x0000000701000000|  0%| F|  |TAMS 0x0000000700e00000, 0x0000000700e00000| Untracked 
|   4|0x0000000701000000, 0x0000000701000000, 0x0000000701200000|  0%| F|  |TAMS 0x0000000701000000, 0x0000000701000000| Untracked 
|   5|0x0000000701200000, 0x0000000701200000, 0x0000000701400000|  0%| F|  |TAMS 0x0000000701200000, 0x0000000701200000| Untracked 
|   6|0x0000000701400000, 0x0000000701400000, 0x0000000701600000|  0%| F|  |TAMS 0x0000000701400000, 0x0000000701400000| Untracked 
|   7|0x0000000701600000, 0x0000000701600000, 0x0000000701800000|  0%| F|  |TAMS 0x0000000701600000, 0x0000000701600000| Untracked 
|   8|0x0000000701800000, 0x0000000701800000, 0x0000000701a00000|  0%| F|  |TAMS 0x0000000701800000, 0x0000000701800000| Untracked 
|   9|0x0000000701a00000, 0x0000000701a00000, 0x0000000701c00000|  0%| F|  |TAMS 0x0000000701a00000, 0x0000000701a00000| Untracked 
|  10|0x0000000701c00000, 0x0000000701c00000, 0x0000000701e00000|  0%| F|  |TAMS 0x0000000701c00000, 0x0000000701c00000| Untracked 
|  11|0x0000000701e00000, 0x0000000701e00000, 0x0000000702000000|  0%| F|  |TAMS 0x0000000701e00000, 0x0000000701e00000| Untracked 
|  12|0x0000000702000000, 0x0000000702000000, 0x0000000702200000|  0%| F|  |TAMS 0x0000000702000000, 0x0000000702000000| Untracked 
|  13|0x0000000702200000, 0x0000000702200000, 0x0000000702400000|  0%| F|  |TAMS 0x0000000702200000, 0x0000000702200000| Untracked 
|  14|0x0000000702400000, 0x0000000702400000, 0x0000000702600000|  0%| F|  |TAMS 0x0000000702400000, 0x0000000702400000| Untracked 
|  15|0x0000000702600000, 0x0000000702600000, 0x0000000702800000|  0%| F|  |TAMS 0x0000000702600000, 0x0000000702600000| Untracked 
|  16|0x0000000702800000, 0x0000000702800000, 0x0000000702a00000|  0%| F|  |TAMS 0x0000000702800000, 0x0000000702800000| Untracked 
|  17|0x0000000702a00000, 0x0000000702a00000, 0x0000000702c00000|  0%| F|  |TAMS 0x0000000702a00000, 0x0000000702a00000| Untracked 
|  18|0x0000000702c00000, 0x0000000702c00000, 0x0000000702e00000|  0%| F|  |TAMS 0x0000000702c00000, 0x0000000702c00000| Untracked 
|  19|0x0000000702e00000, 0x0000000702e00000, 0x0000000703000000|  0%| F|  |TAMS 0x0000000702e00000, 0x0000000702e00000| Untracked 
|  20|0x0000000703000000, 0x0000000703000000, 0x0000000703200000|  0%| F|  |TAMS 0x0000000703000000, 0x0000000703000000| Untracked 
|  21|0x0000000703200000, 0x0000000703200000, 0x0000000703400000|  0%| F|  |TAMS 0x0000000703200000, 0x0000000703200000| Untracked 
|  22|0x0000000703400000, 0x0000000703400000, 0x0000000703600000|  0%| F|  |TAMS 0x0000000703400000, 0x0000000703400000| Untracked 
|  23|0x0000000703600000, 0x0000000703600000, 0x0000000703800000|  0%| F|  |TAMS 0x0000000703600000, 0x0000000703600000| Untracked 
|  24|0x0000000703800000, 0x0000000703800000, 0x0000000703a00000|  0%| F|  |TAMS 0x0000000703800000, 0x0000000703800000| Untracked 
|  25|0x0000000703a00000, 0x0000000703a00000, 0x0000000703c00000|  0%| F|  |TAMS 0x0000000703a00000, 0x0000000703a00000| Untracked 
|  26|0x0000000703c00000, 0x0000000703c00000, 0x0000000703e00000|  0%| F|  |TAMS 0x0000000703c00000, 0x0000000703c00000| Untracked 
|  27|0x0000000703e00000, 0x0000000703e00000, 0x0000000704000000|  0%| F|  |TAMS 0x0000000703e00000, 0x0000000703e00000| Untracked 
|  28|0x0000000704000000, 0x0000000704000000, 0x0000000704200000|  0%| F|  |TAMS 0x0000000704000000, 0x0000000704000000| Untracked 
|  29|0x0000000704200000, 0x0000000704200000, 0x0000000704400000|  0%| F|  |TAMS 0x0000000704200000, 0x0000000704200000| Untracked 
|  30|0x0000000704400000, 0x0000000704400000, 0x0000000704600000|  0%| F|  |TAMS 0x0000000704400000, 0x0000000704400000| Untracked 
|  31|0x0000000704600000, 0x0000000704600000, 0x0000000704800000|  0%| F|  |TAMS 0x0000000704600000, 0x0000000704600000| Untracked 
|  32|0x0000000704800000, 0x0000000704800000, 0x0000000704a00000|  0%| F|  |TAMS 0x0000000704800000, 0x0000000704800000| Untracked 
|  33|0x0000000704a00000, 0x0000000704a00000, 0x0000000704c00000|  0%| F|  |TAMS 0x0000000704a00000, 0x0000000704a00000| Untracked 
|  34|0x0000000704c00000, 0x0000000704c00000, 0x0000000704e00000|  0%| F|  |TAMS 0x0000000704c00000, 0x0000000704c00000| Untracked 
|  35|0x0000000704e00000, 0x0000000704e00000, 0x0000000705000000|  0%| F|  |TAMS 0x0000000704e00000, 0x0000000704e00000| Untracked 
|  36|0x0000000705000000, 0x0000000705000000, 0x0000000705200000|  0%| F|  |TAMS 0x0000000705000000, 0x0000000705000000| Untracked 
|  37|0x0000000705200000, 0x0000000705200000, 0x0000000705400000|  0%| F|  |TAMS 0x0000000705200000, 0x0000000705200000| Untracked 
|  38|0x0000000705400000, 0x0000000705400000, 0x0000000705600000|  0%| F|  |TAMS 0x0000000705400000, 0x0000000705400000| Untracked 
|  39|0x0000000705600000, 0x0000000705600000, 0x0000000705800000|  0%| F|  |TAMS 0x0000000705600000, 0x0000000705600000| Untracked 
|  40|0x0000000705800000, 0x0000000705800000, 0x0000000705a00000|  0%| F|  |TAMS 0x0000000705800000, 0x0000000705800000| Untracked 
|  41|0x0000000705a00000, 0x0000000705a00000, 0x0000000705c00000|  0%| F|  |TAMS 0x0000000705a00000, 0x0000000705a00000| Untracked 
|  42|0x0000000705c00000, 0x0000000705c00000, 0x0000000705e00000|  0%| F|  |TAMS 0x0000000705c00000, 0x0000000705c00000| Untracked 
|  43|0x0000000705e00000, 0x0000000705e00000, 0x0000000706000000|  0%| F|  |TAMS 0x0000000705e00000, 0x0000000705e00000| Untracked 
|  44|0x0000000706000000, 0x0000000706000000, 0x0000000706200000|  0%| F|  |TAMS 0x0000000706000000, 0x0000000706000000| Untracked 
|  45|0x0000000706200000, 0x0000000706200000, 0x0000000706400000|  0%| F|  |TAMS 0x0000000706200000, 0x0000000706200000| Untracked 
|  46|0x0000000706400000, 0x0000000706400000, 0x0000000706600000|  0%| F|  |TAMS 0x0000000706400000, 0x0000000706400000| Untracked 
|  47|0x0000000706600000, 0x0000000706600000, 0x0000000706800000|  0%| F|  |TAMS 0x0000000706600000, 0x0000000706600000| Untracked 
|  48|0x0000000706800000, 0x0000000706800000, 0x0000000706a00000|  0%| F|  |TAMS 0x0000000706800000, 0x0000000706800000| Untracked 
|  49|0x0000000706a00000, 0x0000000706a00000, 0x0000000706c00000|  0%| F|  |TAMS 0x0000000706a00000, 0x0000000706a00000| Untracked 
|  50|0x0000000706c00000, 0x0000000706c00000, 0x0000000706e00000|  0%| F|  |TAMS 0x0000000706c00000, 0x0000000706c00000| Untracked 
|  51|0x0000000706e00000, 0x0000000706e00000, 0x0000000707000000|  0%| F|  |TAMS 0x0000000706e00000, 0x0000000706e00000| Untracked 
|  52|0x0000000707000000, 0x0000000707000000, 0x0000000707200000|  0%| F|  |TAMS 0x0000000707000000, 0x0000000707000000| Untracked 
|  53|0x0000000707200000, 0x0000000707200000, 0x0000000707400000|  0%| F|  |TAMS 0x0000000707200000, 0x0000000707200000| Untracked 
|  54|0x0000000707400000, 0x0000000707400000, 0x0000000707600000|  0%| F|  |TAMS 0x0000000707400000, 0x0000000707400000| Untracked 
|  55|0x0000000707600000, 0x0000000707600000, 0x0000000707800000|  0%| F|  |TAMS 0x0000000707600000, 0x0000000707600000| Untracked 
|  56|0x0000000707800000, 0x0000000707800000, 0x0000000707a00000|  0%| F|  |TAMS 0x0000000707800000, 0x0000000707800000| Untracked 
|  57|0x0000000707a00000, 0x0000000707a00000, 0x0000000707c00000|  0%| F|  |TAMS 0x0000000707a00000, 0x0000000707a00000| Untracked 
|  58|0x0000000707c00000, 0x0000000707c00000, 0x0000000707e00000|  0%| F|  |TAMS 0x0000000707c00000, 0x0000000707c00000| Untracked 
|  59|0x0000000707e00000, 0x0000000707e00000, 0x0000000708000000|  0%| F|  |TAMS 0x0000000707e00000, 0x0000000707e00000| Untracked 
|  60|0x0000000708000000, 0x0000000708000000, 0x0000000708200000|  0%| F|  |TAMS 0x0000000708000000, 0x0000000708000000| Untracked 
|  61|0x0000000708200000, 0x0000000708200000, 0x0000000708400000|  0%| F|  |TAMS 0x0000000708200000, 0x0000000708200000| Untracked 
|  62|0x0000000708400000, 0x0000000708400000, 0x0000000708600000|  0%| F|  |TAMS 0x0000000708400000, 0x0000000708400000| Untracked 
|  63|0x0000000708600000, 0x0000000708600000, 0x0000000708800000|  0%| F|  |TAMS 0x0000000708600000, 0x0000000708600000| Untracked 
|  64|0x0000000708800000, 0x0000000708800000, 0x0000000708a00000|  0%| F|  |TAMS 0x0000000708800000, 0x0000000708800000| Untracked 
|  65|0x0000000708a00000, 0x0000000708a00000, 0x0000000708c00000|  0%| F|  |TAMS 0x0000000708a00000, 0x0000000708a00000| Untracked 
|  66|0x0000000708c00000, 0x0000000708c00000, 0x0000000708e00000|  0%| F|  |TAMS 0x0000000708c00000, 0x0000000708c00000| Untracked 
|  67|0x0000000708e00000, 0x0000000708e00000, 0x0000000709000000|  0%| F|  |TAMS 0x0000000708e00000, 0x0000000708e00000| Untracked 
|  68|0x0000000709000000, 0x0000000709000000, 0x0000000709200000|  0%| F|  |TAMS 0x0000000709000000, 0x0000000709000000| Untracked 
|  69|0x0000000709200000, 0x0000000709200000, 0x0000000709400000|  0%| F|  |TAMS 0x0000000709200000, 0x0000000709200000| Untracked 
|  70|0x0000000709400000, 0x0000000709400000, 0x0000000709600000|  0%| F|  |TAMS 0x0000000709400000, 0x0000000709400000| Untracked 
|  71|0x0000000709600000, 0x0000000709600000, 0x0000000709800000|  0%| F|  |TAMS 0x0000000709600000, 0x0000000709600000| Untracked 
|  72|0x0000000709800000, 0x0000000709800000, 0x0000000709a00000|  0%| F|  |TAMS 0x0000000709800000, 0x0000000709800000| Untracked 
|  73|0x0000000709a00000, 0x0000000709a00000, 0x0000000709c00000|  0%| F|  |TAMS 0x0000000709a00000, 0x0000000709a00000| Untracked 
|  74|0x0000000709c00000, 0x0000000709c00000, 0x0000000709e00000|  0%| F|  |TAMS 0x0000000709c00000, 0x0000000709c00000| Untracked 
|  75|0x0000000709e00000, 0x0000000709e00000, 0x000000070a000000|  0%| F|  |TAMS 0x0000000709e00000, 0x0000000709e00000| Untracked 
|  76|0x000000070a000000, 0x000000070a000000, 0x000000070a200000|  0%| F|  |TAMS 0x000000070a000000, 0x000000070a000000| Untracked 
|  77|0x000000070a200000, 0x000000070a200000, 0x000000070a400000|  0%| F|  |TAMS 0x000000070a200000, 0x000000070a200000| Untracked 
|  78|0x000000070a400000, 0x000000070a400000, 0x000000070a600000|  0%| F|  |TAMS 0x000000070a400000, 0x000000070a400000| Untracked 
|  79|0x000000070a600000, 0x000000070a600000, 0x000000070a800000|  0%| F|  |TAMS 0x000000070a600000, 0x000000070a600000| Untracked 
|  80|0x000000070a800000, 0x000000070a800000, 0x000000070aa00000|  0%| F|  |TAMS 0x000000070a800000, 0x000000070a800000| Untracked 
|  81|0x000000070aa00000, 0x000000070aa00000, 0x000000070ac00000|  0%| F|  |TAMS 0x000000070aa00000, 0x000000070aa00000| Untracked 
|  82|0x000000070ac00000, 0x000000070ac00000, 0x000000070ae00000|  0%| F|  |TAMS 0x000000070ac00000, 0x000000070ac00000| Untracked 
|  83|0x000000070ae00000, 0x000000070ae00000, 0x000000070b000000|  0%| F|  |TAMS 0x000000070ae00000, 0x000000070ae00000| Untracked 
|  84|0x000000070b000000, 0x000000070b000000, 0x000000070b200000|  0%| F|  |TAMS 0x000000070b000000, 0x000000070b000000| Untracked 
|  85|0x000000070b200000, 0x000000070b200000, 0x000000070b400000|  0%| F|  |TAMS 0x000000070b200000, 0x000000070b200000| Untracked 
|  86|0x000000070b400000, 0x000000070b400000, 0x000000070b600000|  0%| F|  |TAMS 0x000000070b400000, 0x000000070b400000| Untracked 
|  87|0x000000070b600000, 0x000000070b600000, 0x000000070b800000|  0%| F|  |TAMS 0x000000070b600000, 0x000000070b600000| Untracked 
|  88|0x000000070b800000, 0x000000070b800000, 0x000000070ba00000|  0%| F|  |TAMS 0x000000070b800000, 0x000000070b800000| Untracked 
|  89|0x000000070ba00000, 0x000000070ba00000, 0x000000070bc00000|  0%| F|  |TAMS 0x000000070ba00000, 0x000000070ba00000| Untracked 
|  90|0x000000070bc00000, 0x000000070bc00000, 0x000000070be00000|  0%| F|  |TAMS 0x000000070bc00000, 0x000000070bc00000| Untracked 
|  91|0x000000070be00000, 0x000000070be00000, 0x000000070c000000|  0%| F|  |TAMS 0x000000070be00000, 0x000000070be00000| Untracked 
|  92|0x000000070c000000, 0x000000070c000000, 0x000000070c200000|  0%| F|  |TAMS 0x000000070c000000, 0x000000070c000000| Untracked 
|  93|0x000000070c200000, 0x000000070c200000, 0x000000070c400000|  0%| F|  |TAMS 0x000000070c200000, 0x000000070c200000| Untracked 
|  94|0x000000070c400000, 0x000000070c400000, 0x000000070c600000|  0%| F|  |TAMS 0x000000070c400000, 0x000000070c400000| Untracked 
|  95|0x000000070c600000, 0x000000070c600000, 0x000000070c800000|  0%| F|  |TAMS 0x000000070c600000, 0x000000070c600000| Untracked 
|  96|0x000000070c800000, 0x000000070c800000, 0x000000070ca00000|  0%| F|  |TAMS 0x000000070c800000, 0x000000070c800000| Untracked 
|  97|0x000000070ca00000, 0x000000070ca00000, 0x000000070cc00000|  0%| F|  |TAMS 0x000000070ca00000, 0x000000070ca00000| Untracked 
|  98|0x000000070cc00000, 0x000000070cc00000, 0x000000070ce00000|  0%| F|  |TAMS 0x000000070cc00000, 0x000000070cc00000| Untracked 
|  99|0x000000070ce00000, 0x000000070ce00000, 0x000000070d000000|  0%| F|  |TAMS 0x000000070ce00000, 0x000000070ce00000| Untracked 
| 100|0x000000070d000000, 0x000000070d000000, 0x000000070d200000|  0%| F|  |TAMS 0x000000070d000000, 0x000000070d000000| Untracked 
| 101|0x000000070d200000, 0x000000070d200000, 0x000000070d400000|  0%| F|  |TAMS 0x000000070d200000, 0x000000070d200000| Untracked 
| 102|0x000000070d400000, 0x000000070d400000, 0x000000070d600000|  0%| F|  |TAMS 0x000000070d400000, 0x000000070d400000| Untracked 
| 103|0x000000070d600000, 0x000000070d600000, 0x000000070d800000|  0%| F|  |TAMS 0x000000070d600000, 0x000000070d600000| Untracked 
| 104|0x000000070d800000, 0x000000070d800000, 0x000000070da00000|  0%| F|  |TAMS 0x000000070d800000, 0x000000070d800000| Untracked 
| 105|0x000000070da00000, 0x000000070da00000, 0x000000070dc00000|  0%| F|  |TAMS 0x000000070da00000, 0x000000070da00000| Untracked 
| 106|0x000000070dc00000, 0x000000070dc00000, 0x000000070de00000|  0%| F|  |TAMS 0x000000070dc00000, 0x000000070dc00000| Untracked 
| 107|0x000000070de00000, 0x000000070de00000, 0x000000070e000000|  0%| F|  |TAMS 0x000000070de00000, 0x000000070de00000| Untracked 
| 108|0x000000070e000000, 0x000000070e000000, 0x000000070e200000|  0%| F|  |TAMS 0x000000070e000000, 0x000000070e000000| Untracked 
| 109|0x000000070e200000, 0x000000070e200000, 0x000000070e400000|  0%| F|  |TAMS 0x000000070e200000, 0x000000070e200000| Untracked 
| 110|0x000000070e400000, 0x000000070e400000, 0x000000070e600000|  0%| F|  |TAMS 0x000000070e400000, 0x000000070e400000| Untracked 
| 111|0x000000070e600000, 0x000000070e600000, 0x000000070e800000|  0%| F|  |TAMS 0x000000070e600000, 0x000000070e600000| Untracked 
| 112|0x000000070e800000, 0x000000070e800000, 0x000000070ea00000|  0%| F|  |TAMS 0x000000070e800000, 0x000000070e800000| Untracked 
| 113|0x000000070ea00000, 0x000000070ea00000, 0x000000070ec00000|  0%| F|  |TAMS 0x000000070ea00000, 0x000000070ea00000| Untracked 
| 114|0x000000070ec00000, 0x000000070ec00000, 0x000000070ee00000|  0%| F|  |TAMS 0x000000070ec00000, 0x000000070ec00000| Untracked 
| 115|0x000000070ee00000, 0x000000070ee00000, 0x000000070f000000|  0%| F|  |TAMS 0x000000070ee00000, 0x000000070ee00000| Untracked 
| 116|0x000000070f000000, 0x000000070f000000, 0x000000070f200000|  0%| F|  |TAMS 0x000000070f000000, 0x000000070f000000| Untracked 
| 117|0x000000070f200000, 0x000000070f200000, 0x000000070f400000|  0%| F|  |TAMS 0x000000070f200000, 0x000000070f200000| Untracked 
| 118|0x000000070f400000, 0x000000070f400000, 0x000000070f600000|  0%| F|  |TAMS 0x000000070f400000, 0x000000070f400000| Untracked 
| 119|0x000000070f600000, 0x000000070f600000, 0x000000070f800000|  0%| F|  |TAMS 0x000000070f600000, 0x000000070f600000| Untracked 
| 120|0x000000070f800000, 0x000000070f800000, 0x000000070fa00000|  0%| F|  |TAMS 0x000000070f800000, 0x000000070f800000| Untracked 
| 121|0x000000070fa00000, 0x000000070fa00000, 0x000000070fc00000|  0%| F|  |TAMS 0x000000070fa00000, 0x000000070fa00000| Untracked 
| 122|0x000000070fc00000, 0x000000070fc00000, 0x000000070fe00000|  0%| F|  |TAMS 0x000000070fc00000, 0x000000070fc00000| Untracked 
| 123|0x000000070fe00000, 0x000000070fe00000, 0x0000000710000000|  0%| F|  |TAMS 0x000000070fe00000, 0x000000070fe00000| Untracked 
| 124|0x0000000710000000, 0x0000000710000000, 0x0000000710200000|  0%| F|  |TAMS 0x0000000710000000, 0x0000000710000000| Untracked 
| 125|0x0000000710200000, 0x00000007103ced10, 0x0000000710400000| 90%| E|  |TAMS 0x0000000710200000, 0x0000000710200000| Complete 
| 126|0x0000000710400000, 0x0000000710600000, 0x0000000710600000|100%| E|CS|TAMS 0x0000000710400000, 0x0000000710400000| Complete 
| 127|0x0000000710600000, 0x0000000710800000, 0x0000000710800000|100%| E|CS|TAMS 0x0000000710600000, 0x0000000710600000| Complete 

Card table byte_map: [0x000001ef39a50000,0x000001ef3a250000] _byte_map_base: 0x000001ef3624c000

Marking Bits (Prev, Next): (CMBitMap*) 0x000001ef26554370, (CMBitMap*) 0x000001ef265543b0
 Prev Bits: [0x000001ef3aa50000, 0x000001ef3ea30000)
 Next Bits: [0x000001ef3ea30000, 0x000001ef42a10000)

Polling page: 0x000001ef24480000

Metaspace:

Usage:
  Non-class:      8.42 MB capacity,     8.40 MB (>99%) used,    12.99 KB ( <1%) free+waste,     5.50 KB ( <1%) overhead. 
      Class:    821.00 KB capacity,   808.03 KB ( 98%) used,    11.28 KB (  1%) free+waste,     1.69 KB ( <1%) overhead. 
       Both:      9.22 MB capacity,     9.19 MB (>99%) used,    24.27 KB ( <1%) free+waste,     7.19 KB ( <1%) overhead. 

Virtual space:
  Non-class space:       10.00 MB reserved,       8.50 MB ( 85%) committed 
      Class space:        1.00 GB reserved,     896.00 KB ( <1%) committed 
             Both:        1.01 GB reserved,       9.38 MB ( <1%) committed 

Chunk freelists:
   Non-Class:  23.00 KB
       Class:  11.00 KB
        Both:  34.00 KB

MaxMetaspaceSize: 17179869184.00 GB
CompressedClassSpaceSize: 1.00 GB

CodeHeap 'non-profiled nmethods': size=120000Kb used=127Kb max_used=127Kb free=119872Kb
 bounds [0x000001ef319f0000, 0x000001ef31c60000, 0x000001ef38f20000]
CodeHeap 'profiled nmethods': size=120000Kb used=608Kb max_used=608Kb free=119391Kb
 bounds [0x000001ef2a4c0000, 0x000001ef2a730000, 0x000001ef319f0000]
CodeHeap 'non-nmethods': size=5760Kb used=1224Kb max_used=1249Kb free=4535Kb
 bounds [0x000001ef29f20000, 0x000001ef2a190000, 0x000001ef2a4c0000]
 total_blobs=841 nmethods=456 adapters=299
 compilation: enabled
              stopped_count=0, restarted_count=0
 full_count=0

Compilation events (20 events):
Event: 123.108 Thread 0x000001ef45d629e0 nmethod 449 0x000001ef31a0f990 code [0x000001ef31a0fb20, 0x000001ef31a0fbd8]
Event: 123.110 Thread 0x000001ef45d62030 

Event: 232.153 Thread 0x000001ef45d629e0  451       3       org.eclipse.jdt.launching.internal.org.objectweb.asm.ClassReader::readClass (7 bytes)
Event: 232.153 Thread 0x000001ef45d629e0 nmethod 451 0x000001ef2a555e90 code [0x000001ef2a556060, 0x000001ef2a5563e8]
Event: 232.153 Thread 0x000001ef45d629e0  452       3       org.eclipse.jdt.launching.internal.org.objectweb.asm.ClassReader::readStringish (16 bytes)
Event: 232.153 Thread 0x000001ef45d629e0 nmethod 452 0x000001ef2a556590 code [0x000001ef2a556760, 0x000001ef2a556a88]
Event: 232.154 Thread 0x000001ef45d629e0  453       3       org.eclipse.jdt.launching.internal.org.objectweb.asm.SymbolTable::addConstantMemberReference (29 bytes)
Event: 232.156 Thread 0x000001ef45d629e0 

Event: 232.156 Thread 0x000001ef45d629e0  454       3       org.eclipse.jdt.launching.internal.org.objectweb.asm.SymbolTable::hash (20 bytes)
Event: 232.156 Thread 0x000001ef45d629e0 nmethod 454 0x000001ef2a556c10 code [0x000001ef2a556de0, 0x000001ef2a556fa8]
Event: 530.121 Thread 0x000001ef45d62030  455       4       java.lang.StringUTF16::compress (50 bytes)
Event: 530.121 Thread 0x000001ef45d629e0  456       3       org.eclipse.jdt.launching.internal.org.objectweb.asm.SymbolTable::addConstantNameAndType (28 bytes)
Event: 530.121 Thread 0x000001ef45d629e0 nmethod 456 0x000001ef2a557110 code [0x000001ef2a5572e0, 0x000001ef2a5575f8]
Event: 530.121 Thread 0x000001ef45d629e0  458       3       org.eclipse.jdt.launching.internal.org.objectweb.asm.ClassReader::readInt (52 bytes)
Event: 530.122 Thread 0x000001ef45d629e0 nmethod 458 0x000001ef2a557810 code [0x000001ef2a5579a0, 0x000001ef2a557b78]
Event: 530.122 Thread 0x000001ef45d629e0  459       1       org.eclipse.jdt.launching.internal.org.objectweb.asm.SymbolTable::getSource (5 bytes)
Event: 530.122 Thread 0x000001ef45d629e0 nmethod 459 0x000001ef31a0fc90 code [0x000001ef31a0fe20, 0x000001ef31a0fed8]
Event: 530.122 Thread 0x000001ef45d629e0  457       3       org.eclipse.jdt.launching.internal.org.objectweb.asm.SymbolTable::hash (15 bytes)
Event: 530.122 Thread 0x000001ef45d629e0 nmethod 457 0x000001ef2a557c90 code [0x000001ef2a557e40, 0x000001ef2a557fb8]
Event: 530.129 Thread 0x000001ef45d62030 


GC Heap History (0 events):
No events

Deoptimization events (20 events):
Event: 0.632 Thread 0x000001ef26503720 DEOPT PACKING pc=0x000001ef2a5338ed sp=0x000000e8fd0f82a0
Event: 0.632 Thread 0x000001ef26503720 DEOPT UNPACKING pc=0x000001ef29f6df3f sp=0x000000e8fd0f7768 mode 0
Event: 0.634 Thread 0x000001ef26503720 DEOPT PACKING pc=0x000001ef2a5338ed sp=0x000000e8fd0f82a0
Event: 0.634 Thread 0x000001ef26503720 DEOPT UNPACKING pc=0x000001ef29f6df3f sp=0x000000e8fd0f7768 mode 0
Event: 0.634 Thread 0x000001ef26503720 DEOPT PACKING pc=0x000001ef2a5338ed sp=0x000000e8fd0f82a0
Event: 0.634 Thread 0x000001ef26503720 DEOPT UNPACKING pc=0x000001ef29f6df3f sp=0x000000e8fd0f7768 mode 0
Event: 0.634 Thread 0x000001ef26503720 DEOPT PACKING pc=0x000001ef2a5338ed sp=0x000000e8fd0f82a0
Event: 0.634 Thread 0x000001ef26503720 DEOPT UNPACKING pc=0x000001ef29f6df3f sp=0x000000e8fd0f7768 mode 0
Event: 0.635 Thread 0x000001ef26503720 DEOPT PACKING pc=0x000001ef2a5338ed sp=0x000000e8fd0f82a0
Event: 0.635 Thread 0x000001ef26503720 DEOPT UNPACKING pc=0x000001ef29f6df3f sp=0x000000e8fd0f7768 mode 0
Event: 0.635 Thread 0x000001ef26503720 DEOPT PACKING pc=0x000001ef2a5338ed sp=0x000000e8fd0f82a0
Event: 0.635 Thread 0x000001ef26503720 DEOPT UNPACKING pc=0x000001ef29f6df3f sp=0x000000e8fd0f7768 mode 0
Event: 0.639 Thread 0x000001ef26503720 DEOPT PACKING pc=0x000001ef2a5338ed sp=0x000000e8fd0fbd80
Event: 0.639 Thread 0x000001ef26503720 DEOPT UNPACKING pc=0x000001ef29f6df3f sp=0x000000e8fd0fb248 mode 0
Event: 0.639 Thread 0x000001ef26503720 DEOPT PACKING pc=0x000001ef2a5338ed sp=0x000000e8fd0fbd80
Event: 0.639 Thread 0x000001ef26503720 DEOPT UNPACKING pc=0x000001ef29f6df3f sp=0x000000e8fd0fb248 mode 0
Event: 0.639 Thread 0x000001ef26503720 DEOPT PACKING pc=0x000001ef2a5338ed sp=0x000000e8fd0fbd80
Event: 0.639 Thread 0x000001ef26503720 DEOPT UNPACKING pc=0x000001ef29f6df3f sp=0x000000e8fd0fb248 mode 0
Event: 0.641 Thread 0x000001ef26503720 DEOPT PACKING pc=0x000001ef2a5338ed sp=0x000000e8fd0f8220
Event: 0.641 Thread 0x000001ef26503720 DEOPT UNPACKING pc=0x000001ef29f6df3f sp=0x000000e8fd0f76e8 mode 0

Classes unloaded (0 events):
No events

Classes redefined (20 events):
Event: 88.703 Thread 0x000001ef45cf91c0 redefined class name=WeightedGraph, count=1
Event: 88.703 Thread 0x000001ef45cf91c0 redefined class name=DEdge, count=1
Event: 88.703 Thread 0x000001ef45cf91c0 redefined class name=DGraphNode, count=1
Event: 88.703 Thread 0x000001ef45cf91c0 redefined class name=Edge, count=1
Event: 88.703 Thread 0x000001ef45cf91c0 redefined class name=WGraphNode, count=1
Event: 123.109 Thread 0x000001ef45cf91c0 redefined class name=WeightedGraph, count=2
Event: 123.109 Thread 0x000001ef45cf91c0 redefined class name=DEdge, count=2
Event: 123.109 Thread 0x000001ef45cf91c0 redefined class name=DGraphNode, count=2
Event: 123.109 Thread 0x000001ef45cf91c0 redefined class name=Edge, count=2
Event: 123.109 Thread 0x000001ef45cf91c0 redefined class name=WGraphNode, count=2
Event: 232.155 Thread 0x000001ef45cf91c0 redefined class name=WeightedGraph, count=3
Event: 232.155 Thread 0x000001ef45cf91c0 redefined class name=DEdge, count=3
Event: 232.155 Thread 0x000001ef45cf91c0 redefined class name=DGraphNode, count=3
Event: 232.155 Thread 0x000001ef45cf91c0 redefined class name=Edge, count=3
Event: 232.155 Thread 0x000001ef45cf91c0 redefined class name=WGraphNode, count=3
Event: 530.123 Thread 0x000001ef45cf91c0 redefined class name=WeightedGraph, count=4
Event: 530.123 Thread 0x000001ef45cf91c0 redefined class name=DEdge, count=4
Event: 530.123 Thread 0x000001ef45cf91c0 redefined class name=DGraphNode, count=4
Event: 530.123 Thread 0x000001ef45cf91c0 redefined class name=Edge, count=4
Event: 530.123 Thread 0x000001ef45cf91c0 redefined class name=WGraphNode, count=4

Internal exceptions (3 events):
Event: 0.477 Thread 0x000001ef26503720 Exception <a 'java/lang/NoSuchMethodError'{0x00000007104468c0}: 'void java.lang.invoke.DirectMethodHandle$Holder.invokeStatic(java.lang.Object, java.lang.Object)'> (0x00000007104468c0) 
thrown [./open/src/hotspot/share/interpreter/linkResolver.cpp, line 782]
Event: 0.478 Thread 0x000001ef26503720 Exception <a 'java/lang/NoSuchMethodError'{0x000000071044a568}: 'void java.lang.invoke.DirectMethodHandle$Holder.invokeStaticInit(java.lang.Object, java.lang.Object)'> (0x000000071044a568) 
thrown [./open/src/hotspot/share/interpreter/linkResolver.cpp, line 782]
Event: 0.601 Thread 0x000001ef26503720 Exception <a 'java/lang/NoSuchMethodError'{0x000000071022c368}: 'java.lang.Object java.lang.invoke.DirectMethodHandle$Holder.invokeStatic(java.lang.Object)'> (0x000000071022c368) 
thrown [./open/src/hotspot/share/interpreter/linkResolver.cpp, line 782]

Events (20 events):
Event: 530.122 Executing VM operation: RedefineClasses
Event: 530.125 Executing VM operation: RedefineClasses done
Event: 530.130 Executing VM operation: ChangeBreakpoints
Event: 530.130 Executing VM operation: ChangeBreakpoints done
Event: 530.131 Executing VM operation: GetFrameCount
Event: 530.131 Executing VM operation: GetFrameCount done
Event: 530.131 Executing VM operation: GetStackTrace
Event: 530.131 Executing VM operation: GetStackTrace done
Event: 530.132 Executing VM operation: GetFrameCount
Event: 530.132 Executing VM operation: GetFrameCount done
Event: 530.132 Executing VM operation: SetFramePop
Event: 530.132 Executing VM operation: SetFramePop done
Event: 530.132 Executing VM operation: GetFrameLocation
Event: 530.132 Executing VM operation: GetFrameLocation done
Event: 530.132 Executing VM operation: GetCurrentLocation
Event: 530.132 Executing VM operation: GetCurrentLocation done
Event: 530.132 Executing VM operation: ChangeSingleStep
Event: 530.132 Executing VM operation: ChangeSingleStep done
Event: 530.132 Executing VM operation: GetFrameLocation
Event: 530.132 Executing VM operation: GetFrameLocation done


Dynamic libraries:
0x00007ff714cc0000 - 0x00007ff714ccd000 	C:\Users\liamc\.p2\pool\plugins\org.eclipse.justj.openjdk.hotspot.jre.full.win32.x86_64_15.0.1.v20201027-0507\jre\bin\javaw.exe
0x00007ffb25050000 - 0x00007ffb25246000 	C:\Windows\SYSTEM32\ntdll.dll
0x00007ffb24410000 - 0x00007ffb244cd000 	C:\Windows\System32\KERNEL32.DLL
0x00007ffb22d30000 - 0x00007ffb22ff9000 	C:\Windows\System32\KERNELBASE.dll
0x00007ffb22b80000 - 0x00007ffb22c80000 	C:\Windows\System32\ucrtbase.dll
0x00007ffb1e2f0000 - 0x00007ffb1e308000 	C:\Users\liamc\.p2\pool\plugins\org.eclipse.justj.openjdk.hotspot.jre.full.win32.x86_64_15.0.1.v20201027-0507\jre\bin\jli.dll
0x00007ffb09fa0000 - 0x00007ffb09fb9000 	C:\Users\liamc\.p2\pool\plugins\org.eclipse.justj.openjdk.hotspot.jre.full.win32.x86_64_15.0.1.v20201027-0507\jre\bin\VCRUNTIME140.dll
0x00007ffb23cd0000 - 0x00007ffb23e70000 	C:\Windows\System32\USER32.dll
0x00007ffb229e0000 - 0x00007ffb22a02000 	C:\Windows\System32\win32u.dll
0x00007ffb23a40000 - 0x00007ffb23a6a000 	C:\Windows\System32\GDI32.dll
0x00007ffb193a0000 - 0x00007ffb1963b000 	C:\Windows\WinSxS\amd64_microsoft.windows.common-controls_6595b64144ccf1df_6.0.19041.746_none_ca02b4b61b8320a4\COMCTL32.dll
0x00007ffb22a10000 - 0x00007ffb22b1b000 	C:\Windows\System32\gdi32full.dll
0x00007ffb24680000 - 0x00007ffb2471e000 	C:\Windows\System32\msvcrt.dll
0x00007ffb22790000 - 0x00007ffb2282d000 	C:\Windows\System32\msvcp_win.dll
0x00007ffb24720000 - 0x00007ffb24750000 	C:\Windows\System32\IMM32.DLL
0x00007ffb1e2e0000 - 0x00007ffb1e2ec000 	C:\Users\liamc\.p2\pool\plugins\org.eclipse.justj.openjdk.hotspot.jre.full.win32.x86_64_15.0.1.v20201027-0507\jre\bin\vcruntime140_1.dll
0x00007ffaf5d50000 - 0x00007ffaf5de1000 	C:\Users\liamc\.p2\pool\plugins\org.eclipse.justj.openjdk.hotspot.jre.full.win32.x86_64_15.0.1.v20201027-0507\jre\bin\msvcp140.dll
0x00007ffacf720000 - 0x00007ffad027e000 	C:\Users\liamc\.p2\pool\plugins\org.eclipse.justj.openjdk.hotspot.jre.full.win32.x86_64_15.0.1.v20201027-0507\jre\bin\server\jvm.dll
0x00007ffb248f0000 - 0x00007ffb2499c000 	C:\Windows\System32\ADVAPI32.dll
0x00007ffb23870000 - 0x00007ffb2390c000 	C:\Windows\System32\sechost.dll
0x00007ffb23910000 - 0x00007ffb23a3b000 	C:\Windows\System32\RPCRT4.dll
0x00007ffb25000000 - 0x00007ffb25008000 	C:\Windows\System32\PSAPI.DLL
0x00007ffb1e380000 - 0x00007ffb1e389000 	C:\Windows\SYSTEM32\WSOCK32.dll
0x00007ffb1a250000 - 0x00007ffb1a277000 	C:\Windows\SYSTEM32\WINMM.dll
0x00007ffb1c610000 - 0x00007ffb1c61a000 	C:\Windows\SYSTEM32\VERSION.dll
0x00007ffb230b0000 - 0x00007ffb2311b000 	C:\Windows\System32\WS2_32.dll
0x00007ffb20710000 - 0x00007ffb20722000 	C:\Windows\SYSTEM32\kernel.appcore.dll
0x00007ffb1e370000 - 0x00007ffb1e37a000 	C:\Users\liamc\.p2\pool\plugins\org.eclipse.justj.openjdk.hotspot.jre.full.win32.x86_64_15.0.1.v20201027-0507\jre\bin\jimage.dll
0x00007ffb0f4b0000 - 0x00007ffb0f694000 	C:\Windows\SYSTEM32\DBGHELP.DLL
0x00007ffb0f460000 - 0x00007ffb0f48c000 	C:\Windows\SYSTEM32\dbgcore.DLL
0x00007ffb23030000 - 0x00007ffb230b0000 	C:\Windows\System32\bcryptPrimitives.dll
0x00007ffb05660000 - 0x00007ffb05699000 	C:\Users\liamc\.p2\pool\plugins\org.eclipse.justj.openjdk.hotspot.jre.full.win32.x86_64_15.0.1.v20201027-0507\jre\bin\jdwp.dll
0x00007ffb1d5f0000 - 0x00007ffb1d5fe000 	C:\Users\liamc\.p2\pool\plugins\org.eclipse.justj.openjdk.hotspot.jre.full.win32.x86_64_15.0.1.v20201027-0507\jre\bin\instrument.dll
0x00007ffb070b0000 - 0x00007ffb070d5000 	C:\Users\liamc\.p2\pool\plugins\org.eclipse.justj.openjdk.hotspot.jre.full.win32.x86_64_15.0.1.v20201027-0507\jre\bin\java.dll
0x00007ffb08270000 - 0x00007ffb08288000 	C:\Users\liamc\.p2\pool\plugins\org.eclipse.justj.openjdk.hotspot.jre.full.win32.x86_64_15.0.1.v20201027-0507\jre\bin\zip.dll
0x00007ffb23120000 - 0x00007ffb23863000 	C:\Windows\System32\SHELL32.dll
0x00007ffb20910000 - 0x00007ffb2109f000 	C:\Windows\SYSTEM32\windows.storage.dll
0x00007ffb23e70000 - 0x00007ffb241c6000 	C:\Windows\System32\combase.dll
0x00007ffb22180000 - 0x00007ffb221ac000 	C:\Windows\SYSTEM32\Wldp.dll
0x00007ffb24360000 - 0x00007ffb2440e000 	C:\Windows\System32\SHCORE.dll
0x00007ffb23ad0000 - 0x00007ffb23b25000 	C:\Windows\System32\shlwapi.dll
0x00007ffb226c0000 - 0x00007ffb226e6000 	C:\Windows\SYSTEM32\profapi.dll
0x00007ffb07670000 - 0x00007ffb0767b000 	C:\Users\liamc\.p2\pool\plugins\org.eclipse.justj.openjdk.hotspot.jre.full.win32.x86_64_15.0.1.v20201027-0507\jre\bin\dt_socket.dll
0x00007ffb21b90000 - 0x00007ffb21bcb000 	C:\Windows\SYSTEM32\IPHLPAPI.DLL
0x00007ffb21ea0000 - 0x00007ffb21f0a000 	C:\Windows\system32\mswsock.dll
0x00007ffb21bd0000 - 0x00007ffb21c9b000 	C:\Windows\SYSTEM32\DNSAPI.dll
0x00007ffb24750000 - 0x00007ffb24758000 	C:\Windows\System32\NSI.dll
0x00007ffb15ef0000 - 0x00007ffb15efa000 	C:\Windows\System32\rasadhlp.dll
0x00007ffb158c0000 - 0x00007ffb1593f000 	C:\Windows\System32\fwpuclnt.dll
0x00007ffb23000000 - 0x00007ffb23027000 	C:\Windows\System32\bcrypt.dll
0x00007ffb05440000 - 0x00007ffb05459000 	C:\Users\liamc\.p2\pool\plugins\org.eclipse.justj.openjdk.hotspot.jre.full.win32.x86_64_15.0.1.v20201027-0507\jre\bin\net.dll
0x00007ffb1add0000 - 0x00007ffb1aed0000 	C:\Windows\SYSTEM32\WINHTTP.dll
0x00007ffb05010000 - 0x00007ffb05022000 	C:\Users\liamc\.p2\pool\plugins\org.eclipse.justj.openjdk.hotspot.jre.full.win32.x86_64_15.0.1.v20201027-0507\jre\bin\nio.dll
0x00007ffb09520000 - 0x00007ffb09530000 	C:\Users\liamc\.p2\pool\plugins\org.eclipse.justj.openjdk.hotspot.jre.full.win32.x86_64_15.0.1.v20201027-0507\jre\bin\verify.dll

dbghelp: loaded successfully - version: 4.0.5 - missing functions: none
symbol engine: initialized successfully - sym options: 0x614 - pdb path: .;C:\Users\liamc\.p2\pool\plugins\org.eclipse.justj.openjdk.hotspot.jre.full.win32.x86_64_15.0.1.v20201027-0507\jre\bin;C:\Windows\SYSTEM32;C:\Windows\WinSxS\amd64_microsoft.windows.common-controls_6595b64144ccf1df_6.0.19041.746_none_ca02b4b61b8320a4;C:\Users\liamc\.p2\pool\plugins\org.eclipse.justj.openjdk.hotspot.jre.full.win32.x86_64_15.0.1.v20201027-0507\jre\bin\server

VM Arguments:
jvm_args: -XX:+ShowCodeDetailsInExceptionMessages -agentlib:jdwp=transport=dt_socket,suspend=y,address=localhost:49766 -javaagent:C:\Users\liamc\eclipse\java-2020-12\eclipse\configuration\org.eclipse.osgi\220\0\.cp\lib\javaagent-shaded.jar -Dfile.encoding=Cp1252 
java_command: WeightedGraph
java_class_path (initial): C:\Sources\Algorithms\bin
Launcher Type: SUN_STANDARD

[Global flags]
     intx CICompilerCount                          = 4                                         {product} {ergonomic}
     uint ConcGCThreads                            = 2                                         {product} {ergonomic}
     uint G1ConcRefinementThreads                  = 8                                         {product} {ergonomic}
   size_t G1HeapRegionSize                         = 2097152                                   {product} {ergonomic}
    uintx GCDrainStackTargetSize                   = 64                                        {product} {ergonomic}
   size_t InitialHeapSize                          = 268435456                                 {product} {ergonomic}
   size_t MarkStackSize                            = 4194304                                   {product} {ergonomic}
   size_t MaxHeapSize                              = 4286578688                                {product} {ergonomic}
   size_t MaxNewSize                               = 2571108352                                {product} {ergonomic}
   size_t MinHeapDeltaBytes                        = 2097152                                   {product} {ergonomic}
   size_t MinHeapSize                              = 8388608                                   {product} {ergonomic}
    uintx NonNMethodCodeHeapSize                   = 5839372                                {pd product} {ergonomic}
    uintx NonProfiledCodeHeapSize                  = 122909434                              {pd product} {ergonomic}
    uintx ProfiledCodeHeapSize                     = 122909434                              {pd product} {ergonomic}
    uintx ReservedCodeCacheSize                    = 251658240                              {pd product} {ergonomic}
     bool SegmentedCodeCache                       = true                                      {product} {ergonomic}
     bool ShowCodeDetailsInExceptionMessages       = true                                   {manageable} {command line}
   size_t SoftMaxHeapSize                          = 4286578688                             {manageable} {ergonomic}
     bool UseCompressedClassPointers               = true                                 {lp64_product} {ergonomic}
     bool UseCompressedOops                        = true                                 {lp64_product} {ergonomic}
     bool UseG1GC                                  = true                                      {product} {ergonomic}
     bool UseLargePagesIndividualAllocation        = false                                  {pd product} {ergonomic}

Logging:
Log output configuration:
 #0: stdout all=warning uptime,level,tags
 #1: stderr all=off uptime,level,tags

Environment Variables:
PATH=C:\Users\liamc\.p2\pool\plugins\org.eclipse.justj.openjdk.hotspot.jre.full.win32.x86_64_15.0.1.v20201027-0507\jre\bin;C:/Users/liamc/.p2/pool/plugins/org.eclipse.justj.openjdk.hotspot.jre.full.win32.x86_64_15.0.1.v20201027-0507/jre/bin/server;C:/Users/liamc/.p2/pool/plugins/org.eclipse.justj.openjdk.hotspot.jre.full.win32.x86_64_15.0.1.v20201027-0507/jre/bin;C:\Windows\system32;C:\Windows;C:\Windows\System32\Wbem;C:\Windows\System32\WindowsPowerShell\v1.0\;C:\Windows\System32\OpenSSH\;C:\Program Files\NVIDIA Corporation\NVIDIA NvDLISR;C:\Program Files (x86)\NVIDIA Corporation\PhysX\Common;C:\Program Files\Git\cmd;C:\Users\liamc\AppData\Local\Microsoft\WindowsApps;;C:\Users\liamc\AppData\Local\Programs\Microsoft VS Code\bin;C:\Windows\system32;
USERNAME=liamc
OS=Windows_NT
PROCESSOR_IDENTIFIER=AMD64 Family 21 Model 2 Stepping 0, AuthenticAMD



---------------  S Y S T E M  ---------------

OS:
 Windows 10 , 64 bit Build 19041 (10.0.19041.662)
OS uptime: 0 days 12:59 hours

CPU: total 8 (initial active 8) (8 cores per cpu, 1 threads per core) family 21 model 2 stepping 0 microcode 0x0, cmov, cx8, fxsr, mmx, sse, sse2, sse3, ssse3, sse4.1, sse4.2, popcnt, vzeroupper, avx, aes, clmul, 3dnowpref, lzcnt, sse4a, tsc, tscinvbit, tscinv, bmi1, fma, clflush

Memory: 4k page, system-wide physical 16348M (10206M free)
TotalPageFile size 18780M (AvailPageFile size 10028M)
current process WorkingSet (physical memory assigned to process): 47M, peak: 47M
current process commit charge ("private bytes"): 345M, peak: 346M

vm_info: OpenJDK 64-Bit Server VM (15.0.1+9-18) for windows-amd64 JRE (15.0.1+9-18), built on Sep 15 2020 14:39:31 by "mach5one" with unknown MS VC++:1925

END.
